0 info it worked if it ends with ok
1 verbose cli [ '/usr/bin/node',
1 verbose cli   '/usr/bin/npm',
1 verbose cli   'install',
1 verbose cli   '@asifanwar007/wifiusages@1.0.2' ]
2 info using npm@3.5.2
3 info using node@v8.10.0
4 silly loadCurrentTree Starting
5 silly install loadCurrentTree
6 silly install readLocalPackageData
7 silly fetchPackageMetaData @asifanwar007/wifiusages@1.0.2
8 silly fetchNamedPackageData @asifanwar007/wifiusages
9 silly mapToRegistry name @asifanwar007/wifiusages
10 silly mapToRegistry scope (from package name) @asifanwar007
11 verbose mapToRegistry no registry URL found in name for scope @asifanwar007
12 silly mapToRegistry using default registry
13 silly mapToRegistry registry https://npm.pkg.github.com/asifanwar007
14 silly mapToRegistry uri https://npm.pkg.github.com/asifanwar007/@asifanwar007%2fwifiusages
15 verbose request uri https://npm.pkg.github.com/asifanwar007/@asifanwar007%2fwifiusages
16 verbose request no auth needed
17 info attempt registry request try #1 at 4:17:05 PM
18 verbose request using bearer token for auth
19 verbose request id 58fe2c546870fe25
20 http request GET https://npm.pkg.github.com/asifanwar007/@asifanwar007%2fwifiusages
21 http 200 https://npm.pkg.github.com/asifanwar007/@asifanwar007%2fwifiusages
22 verbose headers { date: 'Fri, 29 May 2020 10:47:06 GMT',
22 verbose headers   'content-type': 'application/json; charset=utf-8',
22 verbose headers   'transfer-encoding': 'chunked',
22 verbose headers   'content-security-policy': 'default-src \'none\';',
22 verbose headers   server: 'GitHub Registry',
22 verbose headers   'strict-transport-security': 'max-age=31536000;',
22 verbose headers   'x-content-type-options': 'nosniff',
22 verbose headers   'x-frame-options': 'DENY',
22 verbose headers   'x-xss-protection': '1; mode=block',
22 verbose headers   vary: 'Accept-Encoding',
22 verbose headers   'x-github-request-id': 'E446:1478:004A:025E:5ED0E829' }
23 silly get cb [ 200,
23 silly get   { date: 'Fri, 29 May 2020 10:47:06 GMT',
23 silly get     'content-type': 'application/json; charset=utf-8',
23 silly get     'transfer-encoding': 'chunked',
23 silly get     'content-security-policy': 'default-src \'none\';',
23 silly get     server: 'GitHub Registry',
23 silly get     'strict-transport-security': 'max-age=31536000;',
23 silly get     'x-content-type-options': 'nosniff',
23 silly get     'x-frame-options': 'DENY',
23 silly get     'x-xss-protection': '1; mode=block',
23 silly get     vary: 'Accept-Encoding',
23 silly get     'x-github-request-id': 'E446:1478:004A:025E:5ED0E829' } ]
24 verbose get saving @asifanwar007/wifiusages to /home/asif/.npm/npm.pkg.github.com/asifanwar007/_40asifanwar007_252fwifiusages/.cache.json
25 silly install normalizeTree
26 silly loadCurrentTree Finishing
27 silly loadIdealTree Starting
28 silly install loadIdealTree
29 silly cloneCurrentTree Starting
30 silly install cloneCurrentTreeToIdealTree
31 silly cloneCurrentTree Finishing
32 silly loadShrinkwrap Starting
33 silly install loadShrinkwrap
34 silly loadShrinkwrap Finishing
35 silly loadAllDepsIntoIdealTree Starting
36 silly install loadAllDepsIntoIdealTree
37 silly rollbackFailedOptional Starting
38 silly rollbackFailedOptional Finishing
39 silly runTopLevelLifecycles Starting
40 silly runTopLevelLifecycles Finishing
41 silly install printInstalled
42 verbose stack Error: Refusing to install @asifanwar007/wifiusages as a dependency of itself
42 verbose stack     at checkSelf (/usr/share/npm/lib/install/validate-args.js:40:14)
42 verbose stack     at Array.<anonymous> (/usr/share/npm/node_modules/slide/lib/bind-actor.js:15:8)
42 verbose stack     at LOOP (/usr/share/npm/node_modules/slide/lib/chain.js:15:14)
42 verbose stack     at chain (/usr/share/npm/node_modules/slide/lib/chain.js:20:5)
42 verbose stack     at /usr/share/npm/lib/install/validate-args.js:15:5
42 verbose stack     at /usr/share/npm/node_modules/slide/lib/async-map.js:52:35
42 verbose stack     at Array.forEach (<anonymous>)
42 verbose stack     at /usr/share/npm/node_modules/slide/lib/async-map.js:52:11
42 verbose stack     at Array.forEach (<anonymous>)
42 verbose stack     at asyncMap (/usr/share/npm/node_modules/slide/lib/async-map.js:51:8)
43 verbose cwd /home/asif/Desktop/bash/wificontrolpackage
44 error Linux 5.3.0-46-generic
45 error argv "/usr/bin/node" "/usr/bin/npm" "install" "@asifanwar007/wifiusages@1.0.2"
46 error node v8.10.0
47 error npm  v3.5.2
48 error code ENOSELF
49 error Refusing to install @asifanwar007/wifiusages as a dependency of itself
50 error If you need help, you may report this error at:
50 error     <https://github.com/npm/npm/issues>
51 verbose exit [ 1, true ]
